DAMME MAASMECHELEN
DAMME MACHELEN                                                                        
DAMME MALDEGEM                                                                        
DAMME WEVELGEM                                                                        
DAMME WEZEMBEEK-OPPEM                                                                 
DAMME WICHELEN                                                                        
DAMME WIELSBEKE                                                                       
DAMME WIJNEGEM                                                                        
DAMME WILLEBROEK                                                                      

"DE HAAN" KAPELLE-OP-DEN-BOS                                                              
"DE HAAN" KAPRIJKE                                                                        
"DE HAAN" KASTERLEE                                                                       
"DE HAAN" KEERBERGEN                                                                      
"DE HAAN" KINROOI                                                                         
"DE HAAN" KLUISBERGEN                                                                     

DE PANNE >>>>>>>>>>>>>>>>>>>>>>>>
DE PINTE
DEERLIJK
DENDERMONDE

DIEST OVERIJSE                                                                        
DIEST OVERPELT                                                                        
DIEST PEER                                                                            
DIEST PEPINGEN                                                                        

DIKSMUIDE GEEL                                                                            
DIKSMUIDE GEETBETS                                                                        
DIKSMUIDE GENK                                                                            
DIKSMUIDE GENT                                                                            
DIKSMUIDE GERAARDSBERGEN                                                                  
DIKSMUIDE MACHELEN                                                                        
DIKSMUIDE MALDEGEM                                                                        
DIKSMUIDE MALLE                                                                           
DIKSMUIDE WEZEMBEEK-OPPEM                                                                 
DIKSMUIDE WICHELEN                                                                        
DIKSMUIDE WIELSBEKE                                                                       
DIKSMUIDE WIJNEGEM                                                                        
DIKSMUIDE WILLEBROEK                                                                      
DIKSMUIDE WINGENE                                                                         

DILBEEK KORTESSEM                                                                       
DILBEEK KORTRIJK                                                                        
DILBEEK KRAAINEM                                                                        
DILBEEK KRUIBEKE                                                                        
DILBEEK KRUISHOUTEM                                                                     
DILBEEK KUURNE                                                                          
DILBEEK SINT-PIETERS-LEEUW                                                              
DILBEEK SINT-TRUIDEN                                                                    
DILBEEK SPIERE-HELKIJN                                                                  
DILBEEK STABROEK                                                                        
DILBEEK STADEN                                                                          

DILSEN-STOKKEM HOEGAARDEN                                                                      
DILSEN-STOKKEM HOEILAART                                                                       
DILSEN-STOKKEM HOESELT                                                                         
DILSEN-STOKKEM HOLSBEEK                                                                        
DILSEN-STOKKEM HOOGLEDE                                                                        
DILSEN-STOKKEM OUD-HEVERLEE                                                                    
DILSEN-STOKKEM OUD-TURNHOUT                                                                    
DILSEN-STOKKEM OUDENAARDE                                                                      
DILSEN-STOKKEM OUDENBURG                                                                       
DILSEN-STOKKEM OVERIJSE                                                                        
DILSEN-STOKKEM OVERPELT                                                                        

DROGENBOS SINT-PIETERS-LEEUW                                                              
DROGENBOS SINT-TRUIDEN                                                                    
DROGENBOS SPIERE-HELKIJN                                                                  
DROGENBOS STABROEK                                                                        
DROGENBOS STADEN                                                                          
DROGENBOS STEENOKKERZEEL                                                                  

DUFFEL HOLSBEEK                                                                        
DUFFEL HOOGLEDE                                                                        
DUFFEL HOOGSTRATEN                                                                     
DUFFEL HOREBEKE                                                                        
DUFFEL HOUTHALEN-HELCHTEREN                                                            
DUFFEL HOUTHULST                                                                       
DUFFEL HOVE                                                                            
DUFFEL HULDENBERG                                                                      
DUFFEL HULSHOUT                                                                        
DUFFEL ZWIJNDRECHT                                                                     

EDEGEM EEKLO                                                                           
EDEGEM ERPE-MERE                                                                       
EDEGEM ESSEN                                                                           
EDEGEM EVERGEM                                                                         
EDEGEM GALMAARDEN                                                                      
EDEGEM GAVERE                                                                          
EDEGEM GEEL                                                                            
EDEGEM GEETBETS                                                                        
EDEGEM MAARKEDAL                                                                       
EDEGEM MAASEIK                                                                         
EDEGEM MAASMECHELEN                                                                    
EDEGEM MACHELEN                                                                        
EDEGEM MALDEGEM                                                                        
EDEGEM MALLE                                                                           
EDEGEM MECHELEN                                                                        
EDEGEM MEERHOUT                                                                        
EDEGEM MEEUWEN-GRUITRODE                                                               
EDEGEM WIJNEGEM                                                                        
EDEGEM WILLEBROEK                                                                      
EDEGEM WINGENE                                                                         
EDEGEM WOMMELGEM                                                                       
EDEGEM WORTEGEM-PETEGEM                                                                
EDEGEM WUUSTWEZEL                                                                      

EEKLO LANAKEN                                                                         
EEKLO LANDEN                                                                          
EEKLO LANGEMARK-POELKAPELLE                                                           
EEKLO LEBBEKE                                                                         
EEKLO LEDE                                                                            
EEKLO LEDEGEM                                                                         
EEKLO LENDELEDE                                                                       
EEKLO TERVUREN                                                                        
EEKLO TESSENDERLO                                                                     
EEKLO TIELT                                                                           
EEKLO TIELT-WINGE                                                                     
EEKLO TIENEN                                                                          
EEKLO TONGEREN                                                                        
EEKLO TORHOUT                                                                         
EEKLO TREMELO                                                                         
EEKLO TURNHOUT                                                                        
EEKLO VEURNE                                                                          

ERPE-MERE KAPELLE-OP-DEN-BOS                                                              
ERPE-MERE KAPELLEN                                                                        
ERPE-MERE KAPRIJKE                                                                        
ERPE-MERE ROESELARE                                                                       
ERPE-MERE RONSE                                                                           
ERPE-MERE ROOSDAAL                                                                        
ERPE-MERE ROTSELAAR                                                                       
ERPE-MERE RUISELEDE                                                                       
ERPE-MERE RUMST                                                                           
ERPE-MERE SCHELLE                                                                         



